# JRE version: Java(TM) SE Runtime Environment (8.0_251-b08) (build 1.8.0_251-b08)
# Java VM: Java HotSpot(TM) Client VM (25.251-b08 mixed mode windows-x86 )
Heap:
 def new generation   total 5376K, used 2083K [0x05200000, 0x057d0000, 0x0a750000)
  eden space 4800K,  42% used [0x05200000, 0x053fae08, 0x056b0000)
  from space 576K,   9% used [0x05740000, 0x0574e178, 0x057d0000)
  to   space 576K,   0% used [0x056b0000, 0x056b0000, 0x05740000)
 tenured generation   total 11848K, used 10799K [0x0a750000, 0x0b2e2000, 0x15200000)
   the space 11848K,  91% used [0x0a750000, 0x0b1dbed0, 0x0b1dc000, 0x0b2e2000)
 Metaspace       used 18333K, capacity 18540K, committed 18688K, reserved 18816K
GC Heap History (10 events):
Event: 10.222 GC heap before
{Heap before GC invocations=69 (full 2):
 def new generation   total 5376K, used 4053K [0x05200000, 0x057d0000, 0x0a750000)
  eden space 4800K,  83% used [0x05200000, 0x055e6160, 0x056b0000)
  from space 576K,  10% used [0x056b0000, 0x056bf610, 0x05740000)
  to   space 576K,   0% used [0x05740000, 0x05740000, 0x057d0000)
 tenured generation   total 11848K, used 9871K [0x0a750000, 0x0b2e2000, 0x15200000)
   the space 11848K,  83% used [0x0a750000, 0x0b0f3ec8, 0x0b0f4000, 0x0b2e2000)
 Metaspace       used 18332K, capacity 18540K, committed 18688K, reserved 18816K
Event: 10.223 GC heap after
Heap after GC invocations=70 (full 2):
 def new generation   total 5376K, used 61K [0x05200000, 0x057d0000, 0x0a750000)
  eden space 4800K,   0% used [0x05200000, 0x05200000, 0x056b0000)
  from space 576K,  10% used [0x05740000, 0x0574f600, 0x057d0000)
  to   space 576K,   0% used [0x056b0000, 0x056b0000, 0x05740000)
 tenured generation   total 11848K, used 9877K [0x0a750000, 0x0b2e2000, 0x15200000)
   the space 11848K,  83% used [0x0a750000, 0x0b0f5598, 0x0b0f5600, 0x0b2e2000)
 Metaspace       used 18332K, capacity 18540K, committed 18688K, reserved 18816K
}
Event: 10.426 GC heap before
{Heap before GC invocations=70 (full 2):
 def new generation   total 5376K, used 4860K [0x05200000, 0x057d0000, 0x0a750000)
  eden space 4800K,  99% used [0x05200000, 0x056afc08, 0x056b0000)
  from space 576K,  10% used [0x05740000, 0x0574f600, 0x057d0000)
  to   space 576K,   0% used [0x056b0000, 0x056b0000, 0x05740000)
 tenured generation   total 11848K, used 9877K [0x0a750000, 0x0b2e2000, 0x15200000)
   the space 11848K,  83% used [0x0a750000, 0x0b0f5598, 0x0b0f5600, 0x0b2e2000)
 Metaspace       used 18332K, capacity 18540K, committed 18688K, reserved 18816K
Event: 10.428 GC heap after
Heap after GC invocations=71 (full 2):
 def new generation   total 5376K, used 70K [0x05200000, 0x057d0000, 0x0a750000)
  eden space 4800K,   0% used [0x05200000, 0x05200000, 0x056b0000)
  from space 576K,  12% used [0x056b0000, 0x056c1a58, 0x05740000)
  to   space 576K,   0% used [0x05740000, 0x05740000, 0x057d0000)
 tenured generation   total 11848K, used 9881K [0x0a750000, 0x0b2e2000, 0x15200000)
   the space 11848K,  83% used [0x0a750000, 0x0b0f6478, 0x0b0f6600, 0x0b2e2000)
 Metaspace       used 18332K, capacity 18540K, committed 18688K, reserved 18816K
}
Event: 10.596 GC heap before
{Heap before GC invocations=71 (full 2):
 def new generation   total 5376K, used 4003K [0x05200000, 0x057d0000, 0x0a750000)
  eden space 4800K,  81% used [0x05200000, 0x055d7510, 0x056b0000)
  from space 576K,  12% used [0x056b0000, 0x056c1a58, 0x05740000)
  to   space 576K,   0% used [0x05740000, 0x05740000, 0x057d0000)
 tenured generation   total 11848K, used 9881K [0x0a750000, 0x0b2e2000, 0x15200000)
   the space 11848K,  83% used [0x0a750000, 0x0b0f6478, 0x0b0f6600, 0x0b2e2000)
 Metaspace       used 18332K, capacity 18540K, committed 18688K, reserved 18816K
Event: 10.597 GC heap after
Heap after GC invocations=72 (full 2):
 def new generation   total 5376K, used 74K [0x05200000, 0x057d0000, 0x0a750000)
  eden space 4800K,   0% used [0x05200000, 0x05200000, 0x056b0000)
  from space 576K,  12% used [0x05740000, 0x05752900, 0x057d0000)
  to   space 576K,   0% used [0x056b0000, 0x056b0000, 0x05740000)
 tenured generation   total 11848K, used 9888K [0x0a750000, 0x0b2e2000, 0x15200000)
   the space 11848K,  83% used [0x0a750000, 0x0b0f8220, 0x0b0f8400, 0x0b2e2000)
 Metaspace       used 18332K, capacity 18540K, committed 18688K, reserved 18816K
}
Event: 10.753 GC heap before
{Heap before GC invocations=72 (full 2):
 def new generation   total 5376K, used 4073K [0x05200000, 0x057d0000, 0x0a750000)
  eden space 4800K,  83% used [0x05200000, 0x055e7c30, 0x056b0000)
  from space 576K,  12% used [0x05740000, 0x05752900, 0x057d0000)
  to   space 576K,   0% used [0x056b0000, 0x056b0000, 0x05740000)
 tenured generation   total 11848K, used 9888K [0x0a750000, 0x0b2e2000, 0x15200000)
   the space 11848K,  83% used [0x0a750000, 0x0b0f8220, 0x0b0f8400, 0x0b2e2000)
 Metaspace       used 18332K, capacity 18540K, committed 18688K, reserved 18816K
Event: 10.754 GC heap after
Heap after GC invocations=73 (full 2):
 def new generation   total 5376K, used 62K [0x05200000, 0x057d0000, 0x0a750000)
  eden space 4800K,   0% used [0x05200000, 0x05200000, 0x056b0000)
  from space 576K,  10% used [0x056b0000, 0x056bfb00, 0x05740000)
  to   space 576K,   0% used [0x05740000, 0x05740000, 0x057d0000)
 tenured generation   total 11848K, used 10792K [0x0a750000, 0x0b2e2000, 0x15200000)
   the space 11848K,  91% used [0x0a750000, 0x0b1da188, 0x0b1da200, 0x0b2e2000)
 Metaspace       used 18332K, capacity 18540K, committed 18688K, reserved 18816K
}
Event: 10.928 GC heap before
{Heap before GC invocations=73 (full 2):
 def new generation   total 5376K, used 3996K [0x05200000, 0x057d0000, 0x0a750000)
  eden space 4800K,  81% used [0x05200000, 0x055d77e0, 0x056b0000)
  from space 576K,  10% used [0x056b0000, 0x056bfb00, 0x05740000)
  to   space 576K,   0% used [0x05740000, 0x05740000, 0x057d0000)
 tenured generation   total 11848K, used 10792K [0x0a750000, 0x0b2e2000, 0x15200000)
   the space 11848K,  91% used [0x0a750000, 0x0b1da188, 0x0b1da200, 0x0b2e2000)
 Metaspace       used 18333K, capacity 18540K, committed 18688K, reserved 18816K
Event: 10.929 GC heap after
Heap after GC invocations=74 (full 2):
 def new generation   total 5376K, used 56K [0x05200000, 0x057d0000, 0x0a750000)
  eden space 4800K,   0% used [0x05200000, 0x05200000, 0x056b0000)
  from space 576K,   9% used [0x05740000, 0x0574e178, 0x057d0000)
  to   space 576K,   0% used [0x056b0000, 0x056b0000, 0x05740000)
 tenured generation   total 11848K, used 10799K [0x0a750000, 0x0b2e2000, 0x15200000)
   the space 11848K,  91% used [0x0a750000, 0x0b1dbed0, 0x0b1dc000, 0x0b2e2000)
 Metaspace       used 18333K, capacity 18540K, committed 18688K, reserved 18816K
}

